\BOOKMARK [0][-]{chapter.1}{kafe Overview}{}% 1
\BOOKMARK [1][-]{section.1.1}{Code Structure}{chapter.1}% 2
\BOOKMARK [1][-]{section.1.2}{Example}{chapter.1}% 3
\BOOKMARK [1][-]{section.1.3}{Installation}{chapter.1}% 4
\BOOKMARK [0][-]{chapter.2}{Fit examples, utilities, tips and tricks}{}% 5
\BOOKMARK [1][-]{section.2.1}{Example 1 - model comparison}{chapter.2}% 6
\BOOKMARK [1][-]{section.2.2}{Example 2 - two fits and models}{chapter.2}% 7
\BOOKMARK [1][-]{section.2.3}{Example 3 - properties of a Gauss curve}{chapter.2}% 8
\BOOKMARK [1][-]{section.2.4}{Example 4 - average of correlated measurements}{chapter.2}% 9
\BOOKMARK [1][-]{section.2.5}{Example 5 - multi-parameter fit \(damped oscillation\)}{chapter.2}% 10
\BOOKMARK [1][-]{section.2.6}{Example 6 - another multi-parameter fit}{chapter.2}% 11
\BOOKMARK [1][-]{section.2.7}{Example 7 - non-linear multi-parameter fit}{chapter.2}% 12
\BOOKMARK [1][-]{section.2.8}{Example 8 - fit of a Breit-Wigner Resonance to data with correlated errors}{chapter.2}% 13
\BOOKMARK [1][-]{section.2.9}{Example 9 - fit of a function to histogram data}{chapter.2}% 14
\BOOKMARK [0][-]{chapter.3}{kafe Documentation \205 module descriptions}{}% 15
\BOOKMARK [1][-]{section.3.1}{kafe.\137\137init\137\137 Module}{chapter.3}% 16
\BOOKMARK [1][-]{section.3.2}{\137version\137info Module}{chapter.3}% 17
\BOOKMARK [1][-]{section.3.3}{dataset Module}{chapter.3}% 18
\BOOKMARK [1][-]{section.3.4}{file\137tools Module}{chapter.3}% 19
\BOOKMARK [1][-]{section.3.5}{fit Module}{chapter.3}% 20
\BOOKMARK [1][-]{section.3.6}{function\137library Module}{chapter.3}% 21
\BOOKMARK [1][-]{section.3.7}{function\137tools Module}{chapter.3}% 22
\BOOKMARK [1][-]{section.3.8}{minuit Module}{chapter.3}% 23
\BOOKMARK [1][-]{section.3.9}{config Module}{chapter.3}% 24
\BOOKMARK [1][-]{section.3.10}{plot Module}{chapter.3}% 25
\BOOKMARK [1][-]{section.3.11}{latex\137tools Module}{chapter.3}% 26
\BOOKMARK [1][-]{section.3.12}{numeric\137tools Module}{chapter.3}% 27
\BOOKMARK [1][-]{section.3.13}{stream Module}{chapter.3}% 28
\BOOKMARK [0][-]{section*.153}{Python Module Index}{}% 29
\BOOKMARK [0][-]{section*.154}{Index}{}% 30
